<?xml version="1.0" encoding="UTF-8"?>
<testsuite name="hexlet.code.JsonFormatTest" tests="12" skipped="0" failures="0" errors="0" timestamp="2022-08-31T13:35:05" hostname="CSPBNTB3026" time="1.199">
  <properties/>
  <testcase name="jsonFormatTestOutputOfStringValue()" classname="hexlet.code.JsonFormatTest" time="0.995"/>
  <testcase name="jsonFormatTestOutputOfArrayListStringValue()" classname="hexlet.code.JsonFormatTest" time="0.02"/>
  <testcase name="jsonFormatTestOutputOfLinkedHashMapValue()" classname="hexlet.code.JsonFormatTest" time="0.028"/>
  <testcase name="jsonFormatTestOutputOfArrayListIntValue()" classname="hexlet.code.JsonFormatTest" time="0.007"/>
  <testcase name="jsonFormatTestOutputOfIntValue()" classname="hexlet.code.JsonFormatTest" time="0.002"/>
  <testcase name="jsonFormatTestDeletedString()" classname="hexlet.code.JsonFormatTest" time="0.011"/>
  <testcase name="jsonFormatTestChangeAddedString()" classname="hexlet.code.JsonFormatTest" time="0.007"/>
  <testcase name="jsonFormatTestOutputOfArrayListCharacterValue()" classname="hexlet.code.JsonFormatTest" time="0.102"/>
  <testcase name="jsonFormatTestUnchangedString()" classname="hexlet.code.JsonFormatTest" time="0.002"/>
  <testcase name="jsonFormatTestChangeDeletedString()" classname="hexlet.code.JsonFormatTest" time="0.009"/>
  <testcase name="jsonFormatTestAddedString()" classname="hexlet.code.JsonFormatTest" time="0.001"/>
  <testcase name="jsonFormatTestOutputOfBooleanValue()" classname="hexlet.code.JsonFormatTest" time="0.001"/>
  <system-out><![CDATA[]]></system-out>
  <system-err><![CDATA[]]></system-err>
</testsuite>
