<?xml version="1.0" encoding="UTF-8"?>
<testsuite name="hexlet.code.AppTest" tests="2" skipped="0" failures="0" errors="0" timestamp="2022-08-30T10:19:41" hostname="CSPBNTB3026" time="1.435">
  <properties/>
  <testcase name="appTestRelativePathBothFiles()" classname="hexlet.code.AppTest" time="1.42"/>
  <testcase name="appTestAbsolutePathBothFiles()" classname="hexlet.code.AppTest" time="0.014"/>
  <system-out><![CDATA[{
    follow: false
    host: hexlet.io
    proxy: 123.234.53.22
    timeout: 50
}
{
  - follow: false
    host: hexlet.io
  - proxy: 123.234.53.22
  - timeout: 50
  + timeout: 20
  + verbose: true
}
]]></system-out>
  <system-err><![CDATA[]]></system-err>
</testsuite>
