<?xml version="1.0" encoding="UTF-8"?>
<testsuite name="hexlet.code.DifferTest" tests="8" skipped="0" failures="0" errors="0" timestamp="2022-09-20T07:32:08" hostname="CSPBNTB3026" time="0.898">
  <properties/>
  <testcase name="differTestBaseWithFormat()" classname="hexlet.code.DifferTest" time="0.806"/>
  <testcase name="differTestAllLinesChanged()" classname="hexlet.code.DifferTest" time="0.015"/>
  <testcase name="differTestFirstFileEmpty()" classname="hexlet.code.DifferTest" time="0.009"/>
  <testcase name="differTestAllLinesDeleted()" classname="hexlet.code.DifferTest" time="0.016"/>
  <testcase name="differTestBothFileSame()" classname="hexlet.code.DifferTest" time="0.016"/>
  <testcase name="differTestBothFileEmpty()" classname="hexlet.code.DifferTest" time="0.006"/>
  <testcase name="differTestSecondFileEmpty()" classname="hexlet.code.DifferTest" time="0.012"/>
  <testcase name="differTestBaseWithoutFormat()" classname="hexlet.code.DifferTest" time="0.012"/>
  <system-out><![CDATA[]]></system-out>
  <system-err><![CDATA[]]></system-err>
</testsuite>
