<?xml version="1.0" encoding="UTF-8"?>
<testsuite name="hexlet.code.AppTest" tests="1" skipped="0" failures="0" errors="0" timestamp="2022-09-06T10:02:57" hostname="CSPBNTB3026" time="1.421">
  <properties/>
  <testcase name="appTestRelativePathBothFiles()" classname="hexlet.code.AppTest" time="1.421"/>
  <system-out><![CDATA[{
    follow: false
    host: hexlet.io
    proxy: 123.234.53.22
    timeout: 50
}
]]></system-out>
  <system-err><![CDATA[]]></system-err>
</testsuite>
