<?xml version="1.0" encoding="UTF-8"?>
<testsuite name="hexlet.code.PlainFormatTest" tests="1" skipped="0" failures="0" errors="0" timestamp="2022-08-30T19:18:39" hostname="CSPBNTB3026" time="0.066">
  <properties/>
  <testcase name="plainFormatTestAddNull()" classname="hexlet.code.PlainFormatTest" time="0.066"/>
  <system-out><![CDATA[]]></system-out>
  <system-err><![CDATA[]]></system-err>
</testsuite>
