<?xml version="1.0" encoding="UTF-8"?>
<testsuite name="hexlet.code.DifferTest" tests="7" skipped="0" failures="0" errors="0" timestamp="2022-06-14T14:58:29" hostname="CSPBNTB3026" time="1.13">
  <properties/>
  <testcase name="differTestAllLinesChanged()" classname="hexlet.code.DifferTest" time="1.083"/>
  <testcase name="differTestFirstFileEmpty()" classname="hexlet.code.DifferTest" time="0.006"/>
  <testcase name="differTestBase()" classname="hexlet.code.DifferTest" time="0.008"/>
  <testcase name="differTestAllLinesDeleted()" classname="hexlet.code.DifferTest" time="0.006"/>
  <testcase name="differTestBothFileSame()" classname="hexlet.code.DifferTest" time="0.005"/>
  <testcase name="differTestBothFileEmpty()" classname="hexlet.code.DifferTest" time="0.006"/>
  <testcase name="differTestSecondFileEmpty()" classname="hexlet.code.DifferTest" time="0.005"/>
  <system-out><![CDATA[]]></system-out>
  <system-err><![CDATA[]]></system-err>
</testsuite>
