<?xml version="1.0" encoding="UTF-8"?>
<testsuite name="hexlet.code.StylishFormatTest" tests="1" skipped="0" failures="0" errors="0" timestamp="2022-08-30T19:37:07" hostname="CSPBNTB3026" time="0.049">
  <properties/>
  <testcase name="stylishFormatTestOutputOfArrayListIntValue()" classname="hexlet.code.StylishFormatTest" time="0.049"/>
  <system-out><![CDATA[]]></system-out>
  <system-err><![CDATA[]]></system-err>
</testsuite>
