<?xml version="1.0" encoding="UTF-8"?>
<testsuite name="hexlet.code.DifferTest" tests="8" skipped="0" failures="0" errors="0" timestamp="2022-09-05T16:16:32" hostname="CSPBNTB3026" time="1.306">
  <properties/>
  <testcase name="differTestBaseWithFormat()" classname="hexlet.code.DifferTest" time="1.235"/>
  <testcase name="differTestAllLinesChanged()" classname="hexlet.code.DifferTest" time="0.008"/>
  <testcase name="differTestFirstFileEmpty()" classname="hexlet.code.DifferTest" time="0.006"/>
  <testcase name="differTestAllLinesDeleted()" classname="hexlet.code.DifferTest" time="0.022"/>
  <testcase name="differTestBothFileSame()" classname="hexlet.code.DifferTest" time="0.007"/>
  <testcase name="differTestBothFileEmpty()" classname="hexlet.code.DifferTest" time="0.004"/>
  <testcase name="differTestSecondFileEmpty()" classname="hexlet.code.DifferTest" time="0.007"/>
  <testcase name="differTestBaseWithoutFormat()" classname="hexlet.code.DifferTest" time="0.011"/>
  <system-out><![CDATA[]]></system-out>
  <system-err><![CDATA[]]></system-err>
</testsuite>
