<?xml version="1.0" encoding="UTF-8"?>
<testsuite name="hexlet.code.PlainFormatTest" tests="13" skipped="0" failures="0" errors="0" timestamp="2022-08-31T15:02:56" hostname="CSPBNTB3026" time="0.101">
  <properties/>
  <testcase name="plainFormatTestOutputOfArrayListCharacterValue()" classname="hexlet.code.PlainFormatTest" time="0.071"/>
  <testcase name="plainFormatTestAddNull()" classname="hexlet.code.PlainFormatTest" time="0.001"/>
  <testcase name="plainFormatTestUnchangedString()" classname="hexlet.code.PlainFormatTest" time="0.003"/>
  <testcase name="plainFormatTestOutputOfIntValue()" classname="hexlet.code.PlainFormatTest" time="0.001"/>
  <testcase name="plainFormatTestOutputOfLinkedHashMapValue()" classname="hexlet.code.PlainFormatTest" time="0.001"/>
  <testcase name="plainFormatTestOutputOfBooleanValue()" classname="hexlet.code.PlainFormatTest" time="0.001"/>
  <testcase name="plainFormatTestChangeAddedString()" classname="hexlet.code.PlainFormatTest" time="0.005"/>
  <testcase name="plainFormatTestDeleteString()" classname="hexlet.code.PlainFormatTest" time="0.002"/>
  <testcase name="plainFormatTestChangeDeletedString()" classname="hexlet.code.PlainFormatTest" time="0.001"/>
  <testcase name="plainFormatTestOutputOfArrayListStringValue()" classname="hexlet.code.PlainFormatTest" time="0.001"/>
  <testcase name="plainFormatTestOutputOfStringValue()" classname="hexlet.code.PlainFormatTest" time="0.001"/>
  <testcase name="plainFormatTestAddString()" classname="hexlet.code.PlainFormatTest" time="0.001"/>
  <testcase name="plainFormatTestOutputOfArrayListIntValue()" classname="hexlet.code.PlainFormatTest" time="0.001"/>
  <system-out><![CDATA[]]></system-out>
  <system-err><![CDATA[]]></system-err>
</testsuite>
