<?xml version="1.0" encoding="UTF-8"?>
<testsuite name="hexlet.code.FormatterTest" tests="1" skipped="0" failures="0" errors="0" timestamp="2022-08-31T15:07:04" hostname="CSPBNTB3026" time="0.071">
  <properties/>
  <testcase name="formatterTestBasePlain()" classname="hexlet.code.FormatterTest" time="0.071"/>
  <system-out><![CDATA[]]></system-out>
  <system-err><![CDATA[]]></system-err>
</testsuite>
